<?xml version="1.0" encoding="UTF-8"?>
<testng-results skipped="0" failed="0" ignored="0" total="2" passed="2">
  <reporter-output>
  </reporter-output>
  <suite name="Default suite" duration-ms="41231" started-at="2020-07-07T14:31:15 EDT" finished-at="2020-07-07T14:31:56 EDT">
    <groups>
    </groups>
    <test name="Default test" duration-ms="41231" started-at="2020-07-07T14:31:15 EDT" finished-at="2020-07-07T14:31:56 EDT">
      <class name="com.test.ParallelExecution">
        <test-method status="PASS" signature="test1()[pri:0, instance:com.test.ParallelExecution@2a17b7b6]" name="test1" duration-ms="9540" started-at="2020-07-07T14:31:15 EDT" finished-at="2020-07-07T14:31:24 EDT">
          <reporter-output>
          </reporter-output>
        </test-method> <!-- test1 -->
        <test-method status="PASS" signature="test2()[pri:0, instance:com.test.ParallelExecution@2a17b7b6]" name="test2" duration-ms="31624" started-at="2020-07-07T14:31:24 EDT" finished-at="2020-07-07T14:31:56 EDT">
          <reporter-output>
          </reporter-output>
        </test-method> <!-- test2 -->
      </class> <!-- com.test.ParallelExecution -->
    </test> <!-- Default test -->
  </suite> <!-- Default suite -->
</testng-results>
